CRITICAL - 2025-05-09 17:35:31 --> ErrorException: Undefined property: App\Controllers\AuctionController::$categoriesModel
[Method: POST, Route: auction/create]
in APPPATH\Controllers\AuctionController.php on line 88.
 1 APPPATH\Controllers\AuctionController.php(88): CodeIgniter\Debug\Exceptions->errorHandler(2, 'Undefined property: App\\Controllers\\AuctionController::$categoriesModel', 'C:\\xampp\\htdocs\\dietabackweb\\app\\Controllers\\AuctionController.php', 88)
 2 SYSTEMPATH\CodeIgniter.php(933): App\Controllers\AuctionController->createAuction()
 3 SYSTEMPATH\CodeIgniter.php(507): CodeIgniter\CodeIgniter->runController(Object(App\Controllers\AuctionController))
 4 SYSTEMPATH\CodeIgniter.php(354): CodeIgniter\CodeIgniter->handleRequest(null, Object(Config\Cache), false)
 5 SYSTEMPATH\Boot.php(334): CodeIgniter\CodeIgniter->run()
 6 SYSTEMPATH\Boot.php(67): CodeIgniter\Boot::runCodeIgniter(Object(CodeIgniter\CodeIgniter))
 7 FCPATH\index.php(63): CodeIgniter\Boot::bootWeb(Object(Config\Paths))
 8 SYSTEMPATH\rewrite.php(44): require_once('C:\\xampp\\htdocs\\dietabackweb\\public\\index.php')
CRITICAL - 2025-05-09 17:37:15 --> ErrorException: Undefined property: App\Controllers\AuctionController::$categoriesModel
[Method: POST, Route: auction/create]
in APPPATH\Controllers\AuctionController.php on line 88.
 1 APPPATH\Controllers\AuctionController.php(88): CodeIgniter\Debug\Exceptions->errorHandler(2, 'Undefined property: App\\Controllers\\AuctionController::$categoriesModel', 'C:\\xampp\\htdocs\\dietabackweb\\app\\Controllers\\AuctionController.php', 88)
 2 SYSTEMPATH\CodeIgniter.php(933): App\Controllers\AuctionController->createAuction()
 3 SYSTEMPATH\CodeIgniter.php(507): CodeIgniter\CodeIgniter->runController(Object(App\Controllers\AuctionController))
 4 SYSTEMPATH\CodeIgniter.php(354): CodeIgniter\CodeIgniter->handleRequest(null, Object(Config\Cache), false)
 5 SYSTEMPATH\Boot.php(334): CodeIgniter\CodeIgniter->run()
 6 SYSTEMPATH\Boot.php(67): CodeIgniter\Boot::runCodeIgniter(Object(CodeIgniter\CodeIgniter))
 7 FCPATH\index.php(63): CodeIgniter\Boot::bootWeb(Object(Config\Paths))
 8 SYSTEMPATH\rewrite.php(44): require_once('C:\\xampp\\htdocs\\dietabackweb\\public\\index.php')
CRITICAL - 2025-05-09 17:40:03 --> ErrorException: Undefined property: App\Controllers\AuctionController::$categoriesModel
[Method: POST, Route: auction/create]
in APPPATH\Controllers\AuctionController.php on line 88.
 1 APPPATH\Controllers\AuctionController.php(88): CodeIgniter\Debug\Exceptions->errorHandler(2, 'Undefined property: App\\Controllers\\AuctionController::$categoriesModel', 'C:\\xampp\\htdocs\\dietabackweb\\app\\Controllers\\AuctionController.php', 88)
 2 SYSTEMPATH\CodeIgniter.php(933): App\Controllers\AuctionController->createAuction()
 3 SYSTEMPATH\CodeIgniter.php(507): CodeIgniter\CodeIgniter->runController(Object(App\Controllers\AuctionController))
 4 SYSTEMPATH\CodeIgniter.php(354): CodeIgniter\CodeIgniter->handleRequest(null, Object(Config\Cache), false)
 5 SYSTEMPATH\Boot.php(334): CodeIgniter\CodeIgniter->run()
 6 SYSTEMPATH\Boot.php(67): CodeIgniter\Boot::runCodeIgniter(Object(CodeIgniter\CodeIgniter))
 7 FCPATH\index.php(63): CodeIgniter\Boot::bootWeb(Object(Config\Paths))
 8 SYSTEMPATH\rewrite.php(44): require_once('C:\\xampp\\htdocs\\dietabackweb\\public\\index.php')
CRITICAL - 2025-05-09 18:05:36 --> ErrorException: Undefined variable $fileName
[Method: POST, Route: categories]
in APPPATH\Controllers\CategoriesController.php on line 55.
 1 APPPATH\Controllers\CategoriesController.php(55): CodeIgniter\Debug\Exceptions->errorHandler(2, 'Undefined variable $fileName', 'C:\\xampp\\htdocs\\dietabackweb\\app\\Controllers\\CategoriesController.php', 55)
 2 SYSTEMPATH\CodeIgniter.php(933): App\Controllers\CategoriesController->create()
 3 SYSTEMPATH\CodeIgniter.php(507): CodeIgniter\CodeIgniter->runController(Object(App\Controllers\CategoriesController))
 4 SYSTEMPATH\CodeIgniter.php(354): CodeIgniter\CodeIgniter->handleRequest(null, Object(Config\Cache), false)
 5 SYSTEMPATH\Boot.php(334): CodeIgniter\CodeIgniter->run()
 6 SYSTEMPATH\Boot.php(67): CodeIgniter\Boot::runCodeIgniter(Object(CodeIgniter\CodeIgniter))
 7 FCPATH\index.php(63): CodeIgniter\Boot::bootWeb(Object(Config\Paths))
 8 SYSTEMPATH\rewrite.php(44): require_once('C:\\xampp\\htdocs\\dietabackweb\\public\\index.php')
CRITICAL - 2025-05-09 18:05:53 --> ErrorException: Undefined variable $fileName
[Method: POST, Route: categories]
in APPPATH\Controllers\CategoriesController.php on line 55.
 1 APPPATH\Controllers\CategoriesController.php(55): CodeIgniter\Debug\Exceptions->errorHandler(2, 'Undefined variable $fileName', 'C:\\xampp\\htdocs\\dietabackweb\\app\\Controllers\\CategoriesController.php', 55)
 2 SYSTEMPATH\CodeIgniter.php(933): App\Controllers\CategoriesController->create()
 3 SYSTEMPATH\CodeIgniter.php(507): CodeIgniter\CodeIgniter->runController(Object(App\Controllers\CategoriesController))
 4 SYSTEMPATH\CodeIgniter.php(354): CodeIgniter\CodeIgniter->handleRequest(null, Object(Config\Cache), false)
 5 SYSTEMPATH\Boot.php(334): CodeIgniter\CodeIgniter->run()
 6 SYSTEMPATH\Boot.php(67): CodeIgniter\Boot::runCodeIgniter(Object(CodeIgniter\CodeIgniter))
 7 FCPATH\index.php(63): CodeIgniter\Boot::bootWeb(Object(Config\Paths))
 8 SYSTEMPATH\rewrite.php(44): require_once('C:\\xampp\\htdocs\\dietabackweb\\public\\index.php')
CRITICAL - 2025-05-09 18:06:45 --> ErrorException: Undefined variable $fileName
[Method: POST, Route: categories]
in APPPATH\Controllers\CategoriesController.php on line 55.
 1 APPPATH\Controllers\CategoriesController.php(55): CodeIgniter\Debug\Exceptions->errorHandler(2, 'Undefined variable $fileName', 'C:\\xampp\\htdocs\\dietabackweb\\app\\Controllers\\CategoriesController.php', 55)
 2 SYSTEMPATH\CodeIgniter.php(933): App\Controllers\CategoriesController->create()
 3 SYSTEMPATH\CodeIgniter.php(507): CodeIgniter\CodeIgniter->runController(Object(App\Controllers\CategoriesController))
 4 SYSTEMPATH\CodeIgniter.php(354): CodeIgniter\CodeIgniter->handleRequest(null, Object(Config\Cache), false)
 5 SYSTEMPATH\Boot.php(334): CodeIgniter\CodeIgniter->run()
 6 SYSTEMPATH\Boot.php(67): CodeIgniter\Boot::runCodeIgniter(Object(CodeIgniter\CodeIgniter))
 7 FCPATH\index.php(63): CodeIgniter\Boot::bootWeb(Object(Config\Paths))
 8 SYSTEMPATH\rewrite.php(44): require_once('C:\\xampp\\htdocs\\dietabackweb\\public\\index.php')
CRITICAL - 2025-05-09 18:33:08 --> ErrorException: Undefined variable $fileName
[Method: POST, Route: categories]
in APPPATH\Controllers\CategoriesController.php on line 55.
 1 APPPATH\Controllers\CategoriesController.php(55): CodeIgniter\Debug\Exceptions->errorHandler(2, 'Undefined variable $fileName', 'C:\\xampp\\htdocs\\dietabackweb\\app\\Controllers\\CategoriesController.php', 55)
 2 SYSTEMPATH\CodeIgniter.php(933): App\Controllers\CategoriesController->create()
 3 SYSTEMPATH\CodeIgniter.php(507): CodeIgniter\CodeIgniter->runController(Object(App\Controllers\CategoriesController))
 4 SYSTEMPATH\CodeIgniter.php(354): CodeIgniter\CodeIgniter->handleRequest(null, Object(Config\Cache), false)
 5 SYSTEMPATH\Boot.php(334): CodeIgniter\CodeIgniter->run()
 6 SYSTEMPATH\Boot.php(67): CodeIgniter\Boot::runCodeIgniter(Object(CodeIgniter\CodeIgniter))
 7 FCPATH\index.php(63): CodeIgniter\Boot::bootWeb(Object(Config\Paths))
 8 SYSTEMPATH\rewrite.php(44): require_once('C:\\xampp\\htdocs\\dietabackweb\\public\\index.php')
CRITICAL - 2025-05-09 18:42:22 --> ErrorException: Undefined variable $fileName
[Method: POST, Route: categories]
in APPPATH\Controllers\CategoriesController.php on line 55.
 1 APPPATH\Controllers\CategoriesController.php(55): CodeIgniter\Debug\Exceptions->errorHandler(2, 'Undefined variable $fileName', 'C:\\xampp\\htdocs\\dietabackweb\\app\\Controllers\\CategoriesController.php', 55)
 2 SYSTEMPATH\CodeIgniter.php(933): App\Controllers\CategoriesController->create()
 3 SYSTEMPATH\CodeIgniter.php(507): CodeIgniter\CodeIgniter->runController(Object(App\Controllers\CategoriesController))
 4 SYSTEMPATH\CodeIgniter.php(354): CodeIgniter\CodeIgniter->handleRequest(null, Object(Config\Cache), false)
 5 SYSTEMPATH\Boot.php(334): CodeIgniter\CodeIgniter->run()
 6 SYSTEMPATH\Boot.php(67): CodeIgniter\Boot::runCodeIgniter(Object(CodeIgniter\CodeIgniter))
 7 FCPATH\index.php(63): CodeIgniter\Boot::bootWeb(Object(Config\Paths))
 8 SYSTEMPATH\rewrite.php(44): require_once('C:\\xampp\\htdocs\\dietabackweb\\public\\index.php')
CRITICAL - 2025-05-09 18:47:17 --> ErrorException: Undefined variable $fileName
[Method: POST, Route: categories]
in APPPATH\Controllers\CategoriesController.php on line 55.
 1 APPPATH\Controllers\CategoriesController.php(55): CodeIgniter\Debug\Exceptions->errorHandler(2, 'Undefined variable $fileName', 'C:\\xampp\\htdocs\\dietabackweb\\app\\Controllers\\CategoriesController.php', 55)
 2 SYSTEMPATH\CodeIgniter.php(933): App\Controllers\CategoriesController->create()
 3 SYSTEMPATH\CodeIgniter.php(507): CodeIgniter\CodeIgniter->runController(Object(App\Controllers\CategoriesController))
 4 SYSTEMPATH\CodeIgniter.php(354): CodeIgniter\CodeIgniter->handleRequest(null, Object(Config\Cache), false)
 5 SYSTEMPATH\Boot.php(334): CodeIgniter\CodeIgniter->run()
 6 SYSTEMPATH\Boot.php(67): CodeIgniter\Boot::runCodeIgniter(Object(CodeIgniter\CodeIgniter))
 7 FCPATH\index.php(63): CodeIgniter\Boot::bootWeb(Object(Config\Paths))
 8 SYSTEMPATH\rewrite.php(44): require_once('C:\\xampp\\htdocs\\dietabackweb\\public\\index.php')
