CRITICAL - 2025-04-23 22:07:45 --> ErrorException: Undefined variable $fileName
[Method: PUT, Route: categories/4]
in APPPATH\Controllers\CategoriesController.php on line 73.
 1 APPPATH\Controllers\CategoriesController.php(73): CodeIgniter\Debug\Exceptions->errorHandler(2, 'Undefined variable $fileName', 'C:\\xampp\\htdocs\\dietabackweb\\app\\Controllers\\CategoriesController.php', 73)
 2 SYSTEMPATH\CodeIgniter.php(933): App\Controllers\CategoriesController->update('4')
 3 SYSTEMPATH\CodeIgniter.php(507): CodeIgniter\CodeIgniter->runController(Object(App\Controllers\CategoriesController))
 4 SYSTEMPATH\CodeIgniter.php(354): CodeIgniter\CodeIgniter->handleRequest(null, Object(Config\Cache), false)
 5 SYSTEMPATH\Boot.php(334): CodeIgniter\CodeIgniter->run()
 6 SYSTEMPATH\Boot.php(67): CodeIgniter\Boot::runCodeIgniter(Object(CodeIgniter\CodeIgniter))
 7 FCPATH\index.php(63): CodeIgniter\Boot::bootWeb(Object(Config\Paths))
 8 SYSTEMPATH\rewrite.php(44): require_once('C:\\xampp\\htdocs\\dietabackweb\\public\\index.php')
CRITICAL - 2025-04-23 22:08:33 --> ErrorException: Undefined variable $fileName
[Method: PUT, Route: categories/4]
in APPPATH\Controllers\CategoriesController.php on line 73.
 1 APPPATH\Controllers\CategoriesController.php(73): CodeIgniter\Debug\Exceptions->errorHandler(2, 'Undefined variable $fileName', 'C:\\xampp\\htdocs\\dietabackweb\\app\\Controllers\\CategoriesController.php', 73)
 2 SYSTEMPATH\CodeIgniter.php(933): App\Controllers\CategoriesController->update('4')
 3 SYSTEMPATH\CodeIgniter.php(507): CodeIgniter\CodeIgniter->runController(Object(App\Controllers\CategoriesController))
 4 SYSTEMPATH\CodeIgniter.php(354): CodeIgniter\CodeIgniter->handleRequest(null, Object(Config\Cache), false)
 5 SYSTEMPATH\Boot.php(334): CodeIgniter\CodeIgniter->run()
 6 SYSTEMPATH\Boot.php(67): CodeIgniter\Boot::runCodeIgniter(Object(CodeIgniter\CodeIgniter))
 7 FCPATH\index.php(63): CodeIgniter\Boot::bootWeb(Object(Config\Paths))
 8 SYSTEMPATH\rewrite.php(44): require_once('C:\\xampp\\htdocs\\dietabackweb\\public\\index.php')
CRITICAL - 2025-04-23 22:13:10 --> CodeIgniter\Database\Exceptions\DataException: There is no data to update.
[Method: POST, Route: categories/update/4]
in SYSTEMPATH\BaseModel.php on line 1830.
 1 SYSTEMPATH\BaseModel.php(1830): CodeIgniter\Database\Exceptions\DataException::forEmptyDataset('update')
 2 SYSTEMPATH\BaseModel.php(996): CodeIgniter\BaseModel->transformDataToArray(null, 'update')
 3 SYSTEMPATH\Model.php(863): CodeIgniter\BaseModel->update([...], null)
 4 APPPATH\Controllers\CategoriesController.php(71): CodeIgniter\Model->update([...])
 5 SYSTEMPATH\CodeIgniter.php(933): App\Controllers\CategoriesController->update('4')
 6 SYSTEMPATH\CodeIgniter.php(507): CodeIgniter\CodeIgniter->runController(Object(App\Controllers\CategoriesController))
 7 SYSTEMPATH\CodeIgniter.php(354): CodeIgniter\CodeIgniter->handleRequest(null, Object(Config\Cache), false)
 8 SYSTEMPATH\Boot.php(334): CodeIgniter\CodeIgniter->run()
 9 SYSTEMPATH\Boot.php(67): CodeIgniter\Boot::runCodeIgniter(Object(CodeIgniter\CodeIgniter))
10 FCPATH\index.php(63): CodeIgniter\Boot::bootWeb(Object(Config\Paths))
11 SYSTEMPATH\rewrite.php(44): require_once('C:\\xampp\\htdocs\\dietabackweb\\public\\index.php')
