CRITICAL - 2025-05-21 22:19:49 --> CodeIgniter\Database\Exceptions\DataException: There is no data to update.
[Method: PUT, Route: address/default/6]
in SYSTEMPATH\BaseModel.php on line 1010.
 1 SYSTEMPATH\BaseModel.php(1010): CodeIgniter\Database\Exceptions\DataException::forEmptyDataset('update')
 2 SYSTEMPATH\Model.php(863): CodeIgniter\BaseModel->update([...], [])
 3 APPPATH\Controllers\AddressController.php(103): CodeIgniter\Model->update('6', [...])
 4 SYSTEMPATH\CodeIgniter.php(933): App\Controllers\AddressController->setDefault('6')
 5 SYSTEMPATH\CodeIgniter.php(507): CodeIgniter\CodeIgniter->runController(Object(App\Controllers\AddressController))
 6 SYSTEMPATH\CodeIgniter.php(354): CodeIgniter\CodeIgniter->handleRequest(null, Object(Config\Cache), false)
 7 SYSTEMPATH\Boot.php(334): CodeIgniter\CodeIgniter->run()
 8 SYSTEMPATH\Boot.php(67): CodeIgniter\Boot::runCodeIgniter(Object(CodeIgniter\CodeIgniter))
 9 FCPATH\index.php(63): CodeIgniter\Boot::bootWeb(Object(Config\Paths))
10 SYSTEMPATH\rewrite.php(44): require_once('C:\\xampp\\htdocs\\dietabackweb\\public\\index.php')
ERROR - 2025-05-21 23:10:13 --> mysqli_sql_exception: Table 'auction_bids.addresses' doesn't exist in C:\xampp\htdocs\dietabackweb\system\Database\MySQLi\Connection.php:327
Stack trace:
#0 C:\xampp\htdocs\dietabackweb\system\Database\MySQLi\Connection.php(327): mysqli->query('UPDATE `address...', 0)
#1 C:\xampp\htdocs\dietabackweb\system\Database\BaseConnection.php(738): CodeIgniter\Database\MySQLi\Connection->execute('UPDATE `address...')
#2 C:\xampp\htdocs\dietabackweb\system\Database\BaseConnection.php(652): CodeIgniter\Database\BaseConnection->simpleQuery('UPDATE `address...')
#3 C:\xampp\htdocs\dietabackweb\system\Database\BaseBuilder.php(2521): CodeIgniter\Database\BaseConnection->query('UPDATE `address...', Array, false)
#4 C:\xampp\htdocs\dietabackweb\app\Controllers\AddressController.php(107): CodeIgniter\Database\BaseBuilder->update(Array)
#5 C:\xampp\htdocs\dietabackweb\system\CodeIgniter.php(933): App\Controllers\AddressController->setDefault('6', '6')
#6 C:\xampp\htdocs\dietabackweb\system\CodeIgniter.php(507): CodeIgniter\CodeIgniter->runController(Object(App\Controllers\AddressController))
#7 C:\xampp\htdocs\dietabackweb\system\CodeIgniter.php(354): CodeIgniter\CodeIgniter->handleRequest(NULL, Object(Config\Cache), false)
#8 C:\xampp\htdocs\dietabackweb\system\Boot.php(334): CodeIgniter\CodeIgniter->run()
#9 C:\xampp\htdocs\dietabackweb\system\Boot.php(67): CodeIgniter\Boot::runCodeIgniter(Object(CodeIgniter\CodeIgniter))
#10 C:\xampp\htdocs\dietabackweb\public\index.php(63): CodeIgniter\Boot::bootWeb(Object(Config\Paths))
#11 C:\xampp\htdocs\dietabackweb\system\rewrite.php(44): require_once('C:\\xampp\\htdocs...')
#12 {main}
ERROR - 2025-05-21 23:10:13 --> mysqli_sql_exception: Table 'auction_bids.addresses' doesn't exist in C:\xampp\htdocs\dietabackweb\system\Database\MySQLi\Connection.php:327
Stack trace:
#0 C:\xampp\htdocs\dietabackweb\system\Database\MySQLi\Connection.php(327): mysqli->query('UPDATE `address...', 0)
#1 C:\xampp\htdocs\dietabackweb\system\Database\BaseConnection.php(738): CodeIgniter\Database\MySQLi\Connection->execute('UPDATE `address...')
#2 C:\xampp\htdocs\dietabackweb\system\Database\BaseConnection.php(652): CodeIgniter\Database\BaseConnection->simpleQuery('UPDATE `address...')
#3 C:\xampp\htdocs\dietabackweb\system\Database\BaseBuilder.php(2521): CodeIgniter\Database\BaseConnection->query('UPDATE `address...', Array, false)
#4 C:\xampp\htdocs\dietabackweb\app\Controllers\AddressController.php(112): CodeIgniter\Database\BaseBuilder->update(Array)
#5 C:\xampp\htdocs\dietabackweb\system\CodeIgniter.php(933): App\Controllers\AddressController->setDefault('6', '6')
#6 C:\xampp\htdocs\dietabackweb\system\CodeIgniter.php(507): CodeIgniter\CodeIgniter->runController(Object(App\Controllers\AddressController))
#7 C:\xampp\htdocs\dietabackweb\system\CodeIgniter.php(354): CodeIgniter\CodeIgniter->handleRequest(NULL, Object(Config\Cache), false)
#8 C:\xampp\htdocs\dietabackweb\system\Boot.php(334): CodeIgniter\CodeIgniter->run()
#9 C:\xampp\htdocs\dietabackweb\system\Boot.php(67): CodeIgniter\Boot::runCodeIgniter(Object(CodeIgniter\CodeIgniter))
#10 C:\xampp\htdocs\dietabackweb\public\index.php(63): CodeIgniter\Boot::bootWeb(Object(Config\Paths))
#11 C:\xampp\htdocs\dietabackweb\system\rewrite.php(44): require_once('C:\\xampp\\htdocs...')
#12 {main}
ERROR - 2025-05-21 23:10:31 --> mysqli_sql_exception: Table 'auction_bids.addresses' doesn't exist in C:\xampp\htdocs\dietabackweb\system\Database\MySQLi\Connection.php:327
Stack trace:
#0 C:\xampp\htdocs\dietabackweb\system\Database\MySQLi\Connection.php(327): mysqli->query('UPDATE `address...', 0)
#1 C:\xampp\htdocs\dietabackweb\system\Database\BaseConnection.php(738): CodeIgniter\Database\MySQLi\Connection->execute('UPDATE `address...')
#2 C:\xampp\htdocs\dietabackweb\system\Database\BaseConnection.php(652): CodeIgniter\Database\BaseConnection->simpleQuery('UPDATE `address...')
#3 C:\xampp\htdocs\dietabackweb\system\Database\BaseBuilder.php(2521): CodeIgniter\Database\BaseConnection->query('UPDATE `address...', Array, false)
#4 C:\xampp\htdocs\dietabackweb\app\Controllers\AddressController.php(107): CodeIgniter\Database\BaseBuilder->update(Array)
#5 C:\xampp\htdocs\dietabackweb\system\CodeIgniter.php(933): App\Controllers\AddressController->setDefault('5', '5')
#6 C:\xampp\htdocs\dietabackweb\system\CodeIgniter.php(507): CodeIgniter\CodeIgniter->runController(Object(App\Controllers\AddressController))
#7 C:\xampp\htdocs\dietabackweb\system\CodeIgniter.php(354): CodeIgniter\CodeIgniter->handleRequest(NULL, Object(Config\Cache), false)
#8 C:\xampp\htdocs\dietabackweb\system\Boot.php(334): CodeIgniter\CodeIgniter->run()
#9 C:\xampp\htdocs\dietabackweb\system\Boot.php(67): CodeIgniter\Boot::runCodeIgniter(Object(CodeIgniter\CodeIgniter))
#10 C:\xampp\htdocs\dietabackweb\public\index.php(63): CodeIgniter\Boot::bootWeb(Object(Config\Paths))
#11 C:\xampp\htdocs\dietabackweb\system\rewrite.php(44): require_once('C:\\xampp\\htdocs...')
#12 {main}
ERROR - 2025-05-21 23:10:31 --> mysqli_sql_exception: Table 'auction_bids.addresses' doesn't exist in C:\xampp\htdocs\dietabackweb\system\Database\MySQLi\Connection.php:327
Stack trace:
#0 C:\xampp\htdocs\dietabackweb\system\Database\MySQLi\Connection.php(327): mysqli->query('UPDATE `address...', 0)
#1 C:\xampp\htdocs\dietabackweb\system\Database\BaseConnection.php(738): CodeIgniter\Database\MySQLi\Connection->execute('UPDATE `address...')
#2 C:\xampp\htdocs\dietabackweb\system\Database\BaseConnection.php(652): CodeIgniter\Database\BaseConnection->simpleQuery('UPDATE `address...')
#3 C:\xampp\htdocs\dietabackweb\system\Database\BaseBuilder.php(2521): CodeIgniter\Database\BaseConnection->query('UPDATE `address...', Array, false)
#4 C:\xampp\htdocs\dietabackweb\app\Controllers\AddressController.php(112): CodeIgniter\Database\BaseBuilder->update(Array)
#5 C:\xampp\htdocs\dietabackweb\system\CodeIgniter.php(933): App\Controllers\AddressController->setDefault('5', '5')
#6 C:\xampp\htdocs\dietabackweb\system\CodeIgniter.php(507): CodeIgniter\CodeIgniter->runController(Object(App\Controllers\AddressController))
#7 C:\xampp\htdocs\dietabackweb\system\CodeIgniter.php(354): CodeIgniter\CodeIgniter->handleRequest(NULL, Object(Config\Cache), false)
#8 C:\xampp\htdocs\dietabackweb\system\Boot.php(334): CodeIgniter\CodeIgniter->run()
#9 C:\xampp\htdocs\dietabackweb\system\Boot.php(67): CodeIgniter\Boot::runCodeIgniter(Object(CodeIgniter\CodeIgniter))
#10 C:\xampp\htdocs\dietabackweb\public\index.php(63): CodeIgniter\Boot::bootWeb(Object(Config\Paths))
#11 C:\xampp\htdocs\dietabackweb\system\rewrite.php(44): require_once('C:\\xampp\\htdocs...')
#12 {main}
ERROR - 2025-05-21 23:15:05 --> mysqli_sql_exception: Table 'auction_bids.addresses' doesn't exist in C:\xampp\htdocs\dietabackweb\system\Database\MySQLi\Connection.php:327
Stack trace:
#0 C:\xampp\htdocs\dietabackweb\system\Database\MySQLi\Connection.php(327): mysqli->query('SELECT *\nFROM `...', 0)
#1 C:\xampp\htdocs\dietabackweb\system\Database\BaseConnection.php(738): CodeIgniter\Database\MySQLi\Connection->execute('SELECT *\nFROM `...')
#2 C:\xampp\htdocs\dietabackweb\system\Database\BaseConnection.php(652): CodeIgniter\Database\BaseConnection->simpleQuery('SELECT *\nFROM `...')
#3 C:\xampp\htdocs\dietabackweb\system\Database\BaseBuilder.php(1649): CodeIgniter\Database\BaseConnection->query('SELECT *\nFROM `...', Array, false)
#4 C:\xampp\htdocs\dietabackweb\app\Controllers\AddressController.php(108): CodeIgniter\Database\BaseBuilder->get()
#5 C:\xampp\htdocs\dietabackweb\system\CodeIgniter.php(933): App\Controllers\AddressController->setDefault('4', '4')
#6 C:\xampp\htdocs\dietabackweb\system\CodeIgniter.php(507): CodeIgniter\CodeIgniter->runController(Object(App\Controllers\AddressController))
#7 C:\xampp\htdocs\dietabackweb\system\CodeIgniter.php(354): CodeIgniter\CodeIgniter->handleRequest(NULL, Object(Config\Cache), false)
#8 C:\xampp\htdocs\dietabackweb\system\Boot.php(334): CodeIgniter\CodeIgniter->run()
#9 C:\xampp\htdocs\dietabackweb\system\Boot.php(67): CodeIgniter\Boot::runCodeIgniter(Object(CodeIgniter\CodeIgniter))
#10 C:\xampp\htdocs\dietabackweb\public\index.php(63): CodeIgniter\Boot::bootWeb(Object(Config\Paths))
#11 C:\xampp\htdocs\dietabackweb\system\rewrite.php(44): require_once('C:\\xampp\\htdocs...')
#12 {main}
CRITICAL - 2025-05-21 23:15:05 --> CodeIgniter\Database\Exceptions\DatabaseException: Table 'auction_bids.addresses' doesn't exist
[Method: PUT, Route: address/default/4/9]
in SYSTEMPATH\Database\BaseConnection.php on line 692.
 1 SYSTEMPATH\Database\BaseBuilder.php(1649): CodeIgniter\Database\BaseConnection->query('SELECT *
FROM `addresses`
WHERE `idAddress` = :idAddress:
AND `idUser` = :idUser:', [...], false)
 2 APPPATH\Controllers\AddressController.php(108): CodeIgniter\Database\BaseBuilder->get()
 3 SYSTEMPATH\CodeIgniter.php(933): App\Controllers\AddressController->setDefault('4', '4')
 4 SYSTEMPATH\CodeIgniter.php(507): CodeIgniter\CodeIgniter->runController(Object(App\Controllers\AddressController))
 5 SYSTEMPATH\CodeIgniter.php(354): CodeIgniter\CodeIgniter->handleRequest(null, Object(Config\Cache), false)
 6 SYSTEMPATH\Boot.php(334): CodeIgniter\CodeIgniter->run()
 7 SYSTEMPATH\Boot.php(67): CodeIgniter\Boot::runCodeIgniter(Object(CodeIgniter\CodeIgniter))
 8 FCPATH\index.php(63): CodeIgniter\Boot::bootWeb(Object(Config\Paths))
 9 SYSTEMPATH\rewrite.php(44): require_once('C:\\xampp\\htdocs\\dietabackweb\\public\\index.php')
CRITICAL - 2025-05-21 23:15:05 --> [Caused by] CodeIgniter\Database\Exceptions\DatabaseException: Table 'auction_bids.addresses' doesn't exist
in SYSTEMPATH\Database\MySQLi\Connection.php on line 332.
 1 SYSTEMPATH\Database\BaseConnection.php(738): CodeIgniter\Database\MySQLi\Connection->execute('SELECT *
FROM `addresses`
WHERE `idAddress` = \'4\'
AND `idUser` = \'4\'')
 2 SYSTEMPATH\Database\BaseConnection.php(652): CodeIgniter\Database\BaseConnection->simpleQuery('SELECT *
FROM `addresses`
WHERE `idAddress` = \'4\'
AND `idUser` = \'4\'')
 3 SYSTEMPATH\Database\BaseBuilder.php(1649): CodeIgniter\Database\BaseConnection->query('SELECT *
FROM `addresses`
WHERE `idAddress` = :idAddress:
AND `idUser` = :idUser:', [...], false)
 4 APPPATH\Controllers\AddressController.php(108): CodeIgniter\Database\BaseBuilder->get()
 5 SYSTEMPATH\CodeIgniter.php(933): App\Controllers\AddressController->setDefault('4', '4')
 6 SYSTEMPATH\CodeIgniter.php(507): CodeIgniter\CodeIgniter->runController(Object(App\Controllers\AddressController))
 7 SYSTEMPATH\CodeIgniter.php(354): CodeIgniter\CodeIgniter->handleRequest(null, Object(Config\Cache), false)
 8 SYSTEMPATH\Boot.php(334): CodeIgniter\CodeIgniter->run()
 9 SYSTEMPATH\Boot.php(67): CodeIgniter\Boot::runCodeIgniter(Object(CodeIgniter\CodeIgniter))
10 FCPATH\index.php(63): CodeIgniter\Boot::bootWeb(Object(Config\Paths))
11 SYSTEMPATH\rewrite.php(44): require_once('C:\\xampp\\htdocs\\dietabackweb\\public\\index.php')
CRITICAL - 2025-05-21 23:15:05 --> [Caused by] mysqli_sql_exception: Table 'auction_bids.addresses' doesn't exist
in SYSTEMPATH\Database\MySQLi\Connection.php on line 327.
 1 SYSTEMPATH\Database\MySQLi\Connection.php(327): mysqli->query('SELECT *
FROM `addresses`
WHERE `idAddress` = \'4\'
AND `idUser` = \'4\'', 0)
 2 SYSTEMPATH\Database\BaseConnection.php(738): CodeIgniter\Database\MySQLi\Connection->execute('SELECT *
FROM `addresses`
WHERE `idAddress` = \'4\'
AND `idUser` = \'4\'')
 3 SYSTEMPATH\Database\BaseConnection.php(652): CodeIgniter\Database\BaseConnection->simpleQuery('SELECT *
FROM `addresses`
WHERE `idAddress` = \'4\'
AND `idUser` = \'4\'')
 4 SYSTEMPATH\Database\BaseBuilder.php(1649): CodeIgniter\Database\BaseConnection->query('SELECT *
FROM `addresses`
WHERE `idAddress` = :idAddress:
AND `idUser` = :idUser:', [...], false)
 5 APPPATH\Controllers\AddressController.php(108): CodeIgniter\Database\BaseBuilder->get()
 6 SYSTEMPATH\CodeIgniter.php(933): App\Controllers\AddressController->setDefault('4', '4')
 7 SYSTEMPATH\CodeIgniter.php(507): CodeIgniter\CodeIgniter->runController(Object(App\Controllers\AddressController))
 8 SYSTEMPATH\CodeIgniter.php(354): CodeIgniter\CodeIgniter->handleRequest(null, Object(Config\Cache), false)
 9 SYSTEMPATH\Boot.php(334): CodeIgniter\CodeIgniter->run()
10 SYSTEMPATH\Boot.php(67): CodeIgniter\Boot::runCodeIgniter(Object(CodeIgniter\CodeIgniter))
11 FCPATH\index.php(63): CodeIgniter\Boot::bootWeb(Object(Config\Paths))
12 SYSTEMPATH\rewrite.php(44): require_once('C:\\xampp\\htdocs\\dietabackweb\\public\\index.php')
