CRITICAL - 2025-04-01 17:54:57 --> ErrorException: Array to string conversion
[Method: POST, Route: products]
in SYSTEMPATH\Database\Query.php on line 331.
 1 [internal function]: CodeIgniter\Debug\Exceptions->errorHandler(2, 'Array to string conversion', 'C:\\xampp\\htdocs\\storeapp\\system\\Database\\Query.php', 331)
 2 SYSTEMPATH\Database\Query.php(331): implode(',', [...])
 3 SYSTEMPATH\Database\Query.php(312): CodeIgniter\Database\Query->matchNamedBinds('INSERT INTO `products` (`name`, `description`, `idCategory`, `idUser`, `price`, `status`, `created_at`, `updated_at`) VALUES (:name:, :description:, :idCategory:, :idUser:, :price:, :status:, :created_at:, :updated_at:)', [...])
 4 SYSTEMPATH\Database\Query.php(163): CodeIgniter\Database\Query->compileBinds()
 5 SYSTEMPATH\Database\BaseConnection.php(652): CodeIgniter\Database\Query->getQuery()
 6 SYSTEMPATH\Database\BaseBuilder.php(2345): CodeIgniter\Database\BaseConnection->query('INSERT INTO `products` (`name`, `description`, `idCategory`, `idUser`, `price`, `status`, `created_at`, `updated_at`) VALUES (:name:, :description:, :idCategory:, :idUser:, :price:, :status:, :created_at:, :updated_at:)', [...], false)
 7 SYSTEMPATH\Model.php(394): CodeIgniter\Database\BaseBuilder->insert()
 8 SYSTEMPATH\BaseModel.php(839): CodeIgniter\Model->doInsert([...])
 9 SYSTEMPATH\Model.php(800): CodeIgniter\BaseModel->insert([...], true)
10 APPPATH\Controllers\ProductsController.php(31): CodeIgniter\Model->insert([...])
11 SYSTEMPATH\CodeIgniter.php(933): App\Controllers\ProductsController->create()
12 SYSTEMPATH\CodeIgniter.php(507): CodeIgniter\CodeIgniter->runController(Object(App\Controllers\ProductsController))
13 SYSTEMPATH\CodeIgniter.php(354): CodeIgniter\CodeIgniter->handleRequest(null, Object(Config\Cache), false)
14 SYSTEMPATH\Boot.php(334): CodeIgniter\CodeIgniter->run()
15 SYSTEMPATH\Boot.php(67): CodeIgniter\Boot::runCodeIgniter(Object(CodeIgniter\CodeIgniter))
16 FCPATH\index.php(63): CodeIgniter\Boot::bootWeb(Object(Config\Paths))
17 SYSTEMPATH\rewrite.php(44): require_once('C:\\xampp\\htdocs\\storeapp\\public\\index.php')
