CRITICAL - 2025-05-20 19:58:31 --> ErrorException: Undefined variable $fileName
[Method: POST, Route: auction/create]
in APPPATH\Controllers\AuctionController.php on line 92.
 1 APPPATH\Controllers\AuctionController.php(92): CodeIgniter\Debug\Exceptions->errorHandler(2, 'Undefined variable $fileName', 'C:\\xampp\\htdocs\\dietabackweb\\app\\Controllers\\AuctionController.php', 92)
 2 SYSTEMPATH\CodeIgniter.php(933): App\Controllers\AuctionController->createAuction()
 3 SYSTEMPATH\CodeIgniter.php(507): CodeIgniter\CodeIgniter->runController(Object(App\Controllers\AuctionController))
 4 SYSTEMPATH\CodeIgniter.php(354): CodeIgniter\CodeIgniter->handleRequest(null, Object(Config\Cache), false)
 5 SYSTEMPATH\Boot.php(334): CodeIgniter\CodeIgniter->run()
 6 SYSTEMPATH\Boot.php(67): CodeIgniter\Boot::runCodeIgniter(Object(CodeIgniter\CodeIgniter))
 7 FCPATH\index.php(63): CodeIgniter\Boot::bootWeb(Object(Config\Paths))
 8 SYSTEMPATH\rewrite.php(44): require_once('C:\\xampp\\htdocs\\dietabackweb\\public\\index.php')
CRITICAL - 2025-05-20 19:58:40 --> ErrorException: Undefined variable $fileName
[Method: POST, Route: auction/create]
in APPPATH\Controllers\AuctionController.php on line 92.
 1 APPPATH\Controllers\AuctionController.php(92): CodeIgniter\Debug\Exceptions->errorHandler(2, 'Undefined variable $fileName', 'C:\\xampp\\htdocs\\dietabackweb\\app\\Controllers\\AuctionController.php', 92)
 2 SYSTEMPATH\CodeIgniter.php(933): App\Controllers\AuctionController->createAuction()
 3 SYSTEMPATH\CodeIgniter.php(507): CodeIgniter\CodeIgniter->runController(Object(App\Controllers\AuctionController))
 4 SYSTEMPATH\CodeIgniter.php(354): CodeIgniter\CodeIgniter->handleRequest(null, Object(Config\Cache), false)
 5 SYSTEMPATH\Boot.php(334): CodeIgniter\CodeIgniter->run()
 6 SYSTEMPATH\Boot.php(67): CodeIgniter\Boot::runCodeIgniter(Object(CodeIgniter\CodeIgniter))
 7 FCPATH\index.php(63): CodeIgniter\Boot::bootWeb(Object(Config\Paths))
 8 SYSTEMPATH\rewrite.php(44): require_once('C:\\xampp\\htdocs\\dietabackweb\\public\\index.php')
ERROR - 2025-05-20 19:58:56 --> mysqli_sql_exception: Column 'amount' cannot be null in C:\xampp\htdocs\dietabackweb\system\Database\MySQLi\Connection.php:327
Stack trace:
#0 C:\xampp\htdocs\dietabackweb\system\Database\MySQLi\Connection.php(327): mysqli->query('INSERT INTO `au...', 0)
#1 C:\xampp\htdocs\dietabackweb\system\Database\BaseConnection.php(738): CodeIgniter\Database\MySQLi\Connection->execute('INSERT INTO `au...')
#2 C:\xampp\htdocs\dietabackweb\system\Database\BaseConnection.php(652): CodeIgniter\Database\BaseConnection->simpleQuery('INSERT INTO `au...')
#3 C:\xampp\htdocs\dietabackweb\system\Database\BaseBuilder.php(2345): CodeIgniter\Database\BaseConnection->query('INSERT INTO `au...', Array, false)
#4 C:\xampp\htdocs\dietabackweb\system\Model.php(394): CodeIgniter\Database\BaseBuilder->insert()
#5 C:\xampp\htdocs\dietabackweb\system\BaseModel.php(839): CodeIgniter\Model->doInsert(Array)
#6 C:\xampp\htdocs\dietabackweb\system\Model.php(800): CodeIgniter\BaseModel->insert(Array, true)
#7 C:\xampp\htdocs\dietabackweb\app\Controllers\AuctionController.php(89): CodeIgniter\Model->insert(Array)
#8 C:\xampp\htdocs\dietabackweb\system\CodeIgniter.php(933): App\Controllers\AuctionController->createAuction()
#9 C:\xampp\htdocs\dietabackweb\system\CodeIgniter.php(507): CodeIgniter\CodeIgniter->runController(Object(App\Controllers\AuctionController))
#10 C:\xampp\htdocs\dietabackweb\system\CodeIgniter.php(354): CodeIgniter\CodeIgniter->handleRequest(NULL, Object(Config\Cache), false)
#11 C:\xampp\htdocs\dietabackweb\system\Boot.php(334): CodeIgniter\CodeIgniter->run()
#12 C:\xampp\htdocs\dietabackweb\system\Boot.php(67): CodeIgniter\Boot::runCodeIgniter(Object(CodeIgniter\CodeIgniter))
#13 C:\xampp\htdocs\dietabackweb\public\index.php(63): CodeIgniter\Boot::bootWeb(Object(Config\Paths))
#14 C:\xampp\htdocs\dietabackweb\system\rewrite.php(44): require_once('C:\\xampp\\htdocs...')
#15 {main}
CRITICAL - 2025-05-20 19:58:56 --> CodeIgniter\Database\Exceptions\DatabaseException: Column 'amount' cannot be null
[Method: POST, Route: auction/create]
in SYSTEMPATH\Database\BaseConnection.php on line 692.
 1 SYSTEMPATH\Database\BaseBuilder.php(2345): CodeIgniter\Database\BaseConnection->query('INSERT INTO `auction` (`name`, `description`, `image_url`, `startTime`, `endTime`, `amount`, `idUser`, `status`, `created_at`, `updated_at`) VALUES (:name:, :description:, :image_url:, :startTime:, :endTime:, :amount:, :idUser:, :status:, :created_at:, :updated_at:)', [...], false)
 2 SYSTEMPATH\Model.php(394): CodeIgniter\Database\BaseBuilder->insert()
 3 SYSTEMPATH\BaseModel.php(839): CodeIgniter\Model->doInsert([...])
 4 SYSTEMPATH\Model.php(800): CodeIgniter\BaseModel->insert([...], true)
 5 APPPATH\Controllers\AuctionController.php(89): CodeIgniter\Model->insert([...])
 6 SYSTEMPATH\CodeIgniter.php(933): App\Controllers\AuctionController->createAuction()
 7 SYSTEMPATH\CodeIgniter.php(507): CodeIgniter\CodeIgniter->runController(Object(App\Controllers\AuctionController))
 8 SYSTEMPATH\CodeIgniter.php(354): CodeIgniter\CodeIgniter->handleRequest(null, Object(Config\Cache), false)
 9 SYSTEMPATH\Boot.php(334): CodeIgniter\CodeIgniter->run()
10 SYSTEMPATH\Boot.php(67): CodeIgniter\Boot::runCodeIgniter(Object(CodeIgniter\CodeIgniter))
11 FCPATH\index.php(63): CodeIgniter\Boot::bootWeb(Object(Config\Paths))
12 SYSTEMPATH\rewrite.php(44): require_once('C:\\xampp\\htdocs\\dietabackweb\\public\\index.php')
CRITICAL - 2025-05-20 19:58:56 --> [Caused by] CodeIgniter\Database\Exceptions\DatabaseException: Column 'amount' cannot be null
in SYSTEMPATH\Database\MySQLi\Connection.php on line 332.
 1 SYSTEMPATH\Database\BaseConnection.php(738): CodeIgniter\Database\MySQLi\Connection->execute('INSERT INTO `auction` (`name`, `description`, `image_url`, `startTime`, `endTime`, `amount`, `idUser`, `status`, `created_at`, `updated_at`) VALUES (\'Subasta de Libros Actual\', \'Subasta de libros\', \'uploads/images/auctions/1747771136_ee079d3e1498ed10a1b9.jpg\', \'2025-05-20T13:58\', \'2025-05-21T13:58\', NULL, \'1\', \'1\', \'2025-05-20 19:58:56\', \'2025-05-20 19:58:56\')')
 2 SYSTEMPATH\Database\BaseConnection.php(652): CodeIgniter\Database\BaseConnection->simpleQuery('INSERT INTO `auction` (`name`, `description`, `image_url`, `startTime`, `endTime`, `amount`, `idUser`, `status`, `created_at`, `updated_at`) VALUES (\'Subasta de Libros Actual\', \'Subasta de libros\', \'uploads/images/auctions/1747771136_ee079d3e1498ed10a1b9.jpg\', \'2025-05-20T13:58\', \'2025-05-21T13:58\', NULL, \'1\', \'1\', \'2025-05-20 19:58:56\', \'2025-05-20 19:58:56\')')
 3 SYSTEMPATH\Database\BaseBuilder.php(2345): CodeIgniter\Database\BaseConnection->query('INSERT INTO `auction` (`name`, `description`, `image_url`, `startTime`, `endTime`, `amount`, `idUser`, `status`, `created_at`, `updated_at`) VALUES (:name:, :description:, :image_url:, :startTime:, :endTime:, :amount:, :idUser:, :status:, :created_at:, :updated_at:)', [...], false)
 4 SYSTEMPATH\Model.php(394): CodeIgniter\Database\BaseBuilder->insert()
 5 SYSTEMPATH\BaseModel.php(839): CodeIgniter\Model->doInsert([...])
 6 SYSTEMPATH\Model.php(800): CodeIgniter\BaseModel->insert([...], true)
 7 APPPATH\Controllers\AuctionController.php(89): CodeIgniter\Model->insert([...])
 8 SYSTEMPATH\CodeIgniter.php(933): App\Controllers\AuctionController->createAuction()
 9 SYSTEMPATH\CodeIgniter.php(507): CodeIgniter\CodeIgniter->runController(Object(App\Controllers\AuctionController))
10 SYSTEMPATH\CodeIgniter.php(354): CodeIgniter\CodeIgniter->handleRequest(null, Object(Config\Cache), false)
11 SYSTEMPATH\Boot.php(334): CodeIgniter\CodeIgniter->run()
12 SYSTEMPATH\Boot.php(67): CodeIgniter\Boot::runCodeIgniter(Object(CodeIgniter\CodeIgniter))
13 FCPATH\index.php(63): CodeIgniter\Boot::bootWeb(Object(Config\Paths))
14 SYSTEMPATH\rewrite.php(44): require_once('C:\\xampp\\htdocs\\dietabackweb\\public\\index.php')
CRITICAL - 2025-05-20 19:58:56 --> [Caused by] mysqli_sql_exception: Column 'amount' cannot be null
in SYSTEMPATH\Database\MySQLi\Connection.php on line 327.
 1 SYSTEMPATH\Database\MySQLi\Connection.php(327): mysqli->query('INSERT INTO `auction` (`name`, `description`, `image_url`, `startTime`, `endTime`, `amount`, `idUser`, `status`, `created_at`, `updated_at`) VALUES (\'Subasta de Libros Actual\', \'Subasta de libros\', \'uploads/images/auctions/1747771136_ee079d3e1498ed10a1b9.jpg\', \'2025-05-20T13:58\', \'2025-05-21T13:58\', NULL, \'1\', \'1\', \'2025-05-20 19:58:56\', \'2025-05-20 19:58:56\')', 0)
 2 SYSTEMPATH\Database\BaseConnection.php(738): CodeIgniter\Database\MySQLi\Connection->execute('INSERT INTO `auction` (`name`, `description`, `image_url`, `startTime`, `endTime`, `amount`, `idUser`, `status`, `created_at`, `updated_at`) VALUES (\'Subasta de Libros Actual\', \'Subasta de libros\', \'uploads/images/auctions/1747771136_ee079d3e1498ed10a1b9.jpg\', \'2025-05-20T13:58\', \'2025-05-21T13:58\', NULL, \'1\', \'1\', \'2025-05-20 19:58:56\', \'2025-05-20 19:58:56\')')
 3 SYSTEMPATH\Database\BaseConnection.php(652): CodeIgniter\Database\BaseConnection->simpleQuery('INSERT INTO `auction` (`name`, `description`, `image_url`, `startTime`, `endTime`, `amount`, `idUser`, `status`, `created_at`, `updated_at`) VALUES (\'Subasta de Libros Actual\', \'Subasta de libros\', \'uploads/images/auctions/1747771136_ee079d3e1498ed10a1b9.jpg\', \'2025-05-20T13:58\', \'2025-05-21T13:58\', NULL, \'1\', \'1\', \'2025-05-20 19:58:56\', \'2025-05-20 19:58:56\')')
 4 SYSTEMPATH\Database\BaseBuilder.php(2345): CodeIgniter\Database\BaseConnection->query('INSERT INTO `auction` (`name`, `description`, `image_url`, `startTime`, `endTime`, `amount`, `idUser`, `status`, `created_at`, `updated_at`) VALUES (:name:, :description:, :image_url:, :startTime:, :endTime:, :amount:, :idUser:, :status:, :created_at:, :updated_at:)', [...], false)
 5 SYSTEMPATH\Model.php(394): CodeIgniter\Database\BaseBuilder->insert()
 6 SYSTEMPATH\BaseModel.php(839): CodeIgniter\Model->doInsert([...])
 7 SYSTEMPATH\Model.php(800): CodeIgniter\BaseModel->insert([...], true)
 8 APPPATH\Controllers\AuctionController.php(89): CodeIgniter\Model->insert([...])
 9 SYSTEMPATH\CodeIgniter.php(933): App\Controllers\AuctionController->createAuction()
10 SYSTEMPATH\CodeIgniter.php(507): CodeIgniter\CodeIgniter->runController(Object(App\Controllers\AuctionController))
11 SYSTEMPATH\CodeIgniter.php(354): CodeIgniter\CodeIgniter->handleRequest(null, Object(Config\Cache), false)
12 SYSTEMPATH\Boot.php(334): CodeIgniter\CodeIgniter->run()
13 SYSTEMPATH\Boot.php(67): CodeIgniter\Boot::runCodeIgniter(Object(CodeIgniter\CodeIgniter))
14 FCPATH\index.php(63): CodeIgniter\Boot::bootWeb(Object(Config\Paths))
15 SYSTEMPATH\rewrite.php(44): require_once('C:\\xampp\\htdocs\\dietabackweb\\public\\index.php')
CRITICAL - 2025-05-20 20:00:26 --> ErrorException: Undefined variable $fileName
[Method: POST, Route: auction/create]
in APPPATH\Controllers\AuctionController.php on line 92.
 1 APPPATH\Controllers\AuctionController.php(92): CodeIgniter\Debug\Exceptions->errorHandler(2, 'Undefined variable $fileName', 'C:\\xampp\\htdocs\\dietabackweb\\app\\Controllers\\AuctionController.php', 92)
 2 SYSTEMPATH\CodeIgniter.php(933): App\Controllers\AuctionController->createAuction()
 3 SYSTEMPATH\CodeIgniter.php(507): CodeIgniter\CodeIgniter->runController(Object(App\Controllers\AuctionController))
 4 SYSTEMPATH\CodeIgniter.php(354): CodeIgniter\CodeIgniter->handleRequest(null, Object(Config\Cache), false)
 5 SYSTEMPATH\Boot.php(334): CodeIgniter\CodeIgniter->run()
 6 SYSTEMPATH\Boot.php(67): CodeIgniter\Boot::runCodeIgniter(Object(CodeIgniter\CodeIgniter))
 7 FCPATH\index.php(63): CodeIgniter\Boot::bootWeb(Object(Config\Paths))
 8 SYSTEMPATH\rewrite.php(44): require_once('C:\\xampp\\htdocs\\dietabackweb\\public\\index.php')
