CRITICAL - 2025-04-22 23:32:00 --> ErrorException: Undefined property: App\Controllers\CategoriesController::$bannersModel
[Method: POST, Route: categories]
in APPPATH\Controllers\CategoriesController.php on line 41.
 1 APPPATH\Controllers\CategoriesController.php(41): CodeIgniter\Debug\Exceptions->errorHandler(2, 'Undefined property: App\\Controllers\\CategoriesController::$bannersModel', 'C:\\xampp\\htdocs\\storeapp\\app\\Controllers\\CategoriesController.php', 41)
 2 SYSTEMPATH\CodeIgniter.php(933): App\Controllers\CategoriesController->create()
 3 SYSTEMPATH\CodeIgniter.php(507): CodeIgniter\CodeIgniter->runController(Object(App\Controllers\CategoriesController))
 4 SYSTEMPATH\CodeIgniter.php(354): CodeIgniter\CodeIgniter->handleRequest(null, Object(Config\Cache), false)
 5 SYSTEMPATH\Boot.php(334): CodeIgniter\CodeIgniter->run()
 6 SYSTEMPATH\Boot.php(67): CodeIgniter\Boot::runCodeIgniter(Object(CodeIgniter\CodeIgniter))
 7 FCPATH\index.php(63): CodeIgniter\Boot::bootWeb(Object(Config\Paths))
 8 SYSTEMPATH\rewrite.php(44): require_once('C:\\xampp\\htdocs\\storeapp\\public\\index.php')
CRITICAL - 2025-04-22 23:32:45 --> ErrorException: Undefined variable $imageName
[Method: POST, Route: categories]
in APPPATH\Controllers\CategoriesController.php on line 51.
 1 APPPATH\Controllers\CategoriesController.php(51): CodeIgniter\Debug\Exceptions->errorHandler(2, 'Undefined variable $imageName', 'C:\\xampp\\htdocs\\storeapp\\app\\Controllers\\CategoriesController.php', 51)
 2 SYSTEMPATH\CodeIgniter.php(933): App\Controllers\CategoriesController->create()
 3 SYSTEMPATH\CodeIgniter.php(507): CodeIgniter\CodeIgniter->runController(Object(App\Controllers\CategoriesController))
 4 SYSTEMPATH\CodeIgniter.php(354): CodeIgniter\CodeIgniter->handleRequest(null, Object(Config\Cache), false)
 5 SYSTEMPATH\Boot.php(334): CodeIgniter\CodeIgniter->run()
 6 SYSTEMPATH\Boot.php(67): CodeIgniter\Boot::runCodeIgniter(Object(CodeIgniter\CodeIgniter))
 7 FCPATH\index.php(63): CodeIgniter\Boot::bootWeb(Object(Config\Paths))
 8 SYSTEMPATH\rewrite.php(44): require_once('C:\\xampp\\htdocs\\storeapp\\public\\index.php')
